<?xml version="1.0" encoding="UTF-8"?>
<testsuite name="C:/Users/LENOVO/IdeaProjects/APIAutomationFramwork"
           tests="4"
           failures="0"
           errors="0"
           skipped="0"
           time="0.010">
    <properties></properties>



            <testcase
                name="testUpdateBookingByID"
                time="0.002"
                classname="org.example.Tests.Integration.TCIntegrationSample">
            </testcase>
            <testcase
                name="testCreateBooking"
                time="0.003"
                classname="org.example.Tests.Integration.TCIntegrationSample">
            </testcase>
            <testcase
                name="testVerifyBookingId"
                time="0.003"
                classname="org.example.Tests.Integration.TCIntegrationSample">
            </testcase>
            <testcase
                name="testDeleteBookingById"
                time="0.002"
                classname="org.example.Tests.Integration.TCIntegrationSample">
            </testcase>
</testsuite>
