<?xml version="1.0" encoding="UTF-8"?>
<testsuite name="C:/Users/LENOVO/IdeaProjects/APIAutomationFramwork/src/test/java/org/example/Tests/Integration/TCIntegrationFlow.java"
           tests="4"
           failures="0"
           errors="0"
           skipped="0"
           time="7.701">
    <properties></properties>



            <testcase
                name="testCreateBooking"
                time="4.067"
                classname="org.example.Tests.Integration.TCIntegrationFlow">
            </testcase>
            <testcase
                name="testVerifyBookingId"
                time="1.201"
                classname="org.example.Tests.Integration.TCIntegrationFlow">
            </testcase>
            <testcase
                name="testDeleteBookingById"
                time="1.221"
                classname="org.example.Tests.Integration.TCIntegrationFlow">
            </testcase>
            <testcase
                name="testUpdateBookingByID"
                time="1.212"
                classname="org.example.Tests.Integration.TCIntegrationFlow">
            </testcase>
</testsuite>
